<?xml version="1.0" encoding="UTF-8"?>
<!-- Generated by org.testng.reporters.JUnitReportReporter -->
<testsuite hostname="Vishnudass-Mac-mini.local" failures="0" tests="1" name="propertyaddedit.PropertyMarkAsSold" time="0.031" errors="0" timestamp="2023-11-13T12:59:06 IST" skipped="0">
  <testcase classname="propertyaddedit.PropertyMarkAsSold" name="verifyMarkAsSold" time="0.031"/>
</testsuite> <!-- propertyaddedit.PropertyMarkAsSold -->
