<?xml version="1.0" encoding="UTF-8"?>
<!-- Generated by org.testng.reporters.JUnitReportReporter -->
<testsuite hostname="Vishnudass-Mac-mini.local" failures="0" tests="2" name="com.pixbit.appium.rental.TenantRentalAddInList" time="52.916" errors="0" timestamp="2024-10-01T11:51:24 IST" skipped="1">
  <testcase classname="com.pixbit.appium.rental.TenantRentalAddInList" name="rentalAddAsTenantWithoutTitledeed" time="52.916"/>
  <testcase classname="com.pixbit.appium.rental.TenantRentalAddInList" name="rentalAddAsTenantWithTitledeed">
    <skipped/>
  </testcase> <!-- rentalAddAsTenantWithTitledeed -->
</testsuite> <!-- com.pixbit.appium.rental.TenantRentalAddInList -->
