<?xml version="1.0" encoding="UTF-8"?>
<!-- Generated by org.testng.reporters.JUnitReportReporter -->
<testsuite hostname="Vishnudass-Mac-mini.local" failures="0" tests="2" name="com.pixbit.appium.test.usercreation.actions.SignUpUser" time="100.853" errors="0" timestamp="2024-06-28T19:13:52 IST" skipped="0">
  <testcase classname="com.pixbit.appium.test.usercreation.actions.SignUpUser" name="check_preferred_language_validation" time="43.901"/>
  <testcase classname="com.pixbit.appium.test.usercreation.actions.SignUpUser" name="createUser" time="56.952"/>
</testsuite> <!-- com.pixbit.appium.test.usercreation.actions.SignUpUser -->
