<?xml version="1.0" encoding="UTF-8"?>
<!-- Generated by org.testng.reporters.JUnitReportReporter -->
<testsuite hostname="Vishnudass-Mac-mini.local" failures="0" tests="5" name="com.pixbit.appium.test.property.add.NewUserPropertyAdd" time="140.448" errors="0" timestamp="2024-05-08T10:47:45 IST" skipped="4">
  <testcase classname="com.pixbit.appium.test.property.add.NewUserPropertyAdd" name="single_villa_ready_property" time="140.448"/>
  <testcase classname="com.pixbit.appium.test.property.add.NewUserPropertyAdd" name="single_townhouse_underconstruction_property">
    <skipped/>
  </testcase> <!-- single_townhouse_underconstruction_property -->
  <testcase classname="com.pixbit.appium.test.property.add.NewUserPropertyAdd" name="single_office_underconstruction_property">
    <skipped/>
  </testcase> <!-- single_office_underconstruction_property -->
  <testcase classname="com.pixbit.appium.test.property.add.NewUserPropertyAdd" name="single_service_apartment_ready_property">
    <skipped/>
  </testcase> <!-- single_service_apartment_ready_property -->
  <testcase classname="com.pixbit.appium.test.property.add.NewUserPropertyAdd" name="joint_apartment_ready_property">
    <skipped/>
  </testcase> <!-- joint_apartment_ready_property -->
</testsuite> <!-- com.pixbit.appium.test.property.add.NewUserPropertyAdd -->
