<?xml version="1.0" encoding="UTF-8"?>
<!-- Generated by org.testng.reporters.JUnitReportReporter -->
<testsuite hostname="Vishnudass-Mac-mini.local" failures="0" tests="1" name="com.pixbit.appium.test.rentalcontract.add.OwnerRentalAddInList" time="119.503" errors="0" timestamp="2024-05-07T10:00:00 IST" skipped="0">
  <testcase classname="com.pixbit.appium.test.rentalcontract.add.OwnerRentalAddInList" name="AddRentalAsOwner" time="119.503"/>
</testsuite> <!-- com.pixbit.appium.test.rentalcontract.add.OwnerRentalAddInList -->
