<?xml version="1.0" encoding="UTF-8"?>
<!-- Generated by org.testng.reporters.JUnitReportReporter -->
<testsuite hostname="Vishnudass-Mac-mini.local" failures="0" tests="4" name="com.pixbit.appium.property.JointPropertyAdd" time="69.357" errors="0" timestamp="2024-09-30T11:29:18 IST" skipped="3">
  <testcase classname="com.pixbit.appium.property.JointPropertyAdd" name="oneOwnerAddOtherSkipUnderConstructionPaymentPlanMortgaged" time="69.357"/>
  <testcase classname="com.pixbit.appium.property.JointPropertyAdd" name="three_owners_townhouse_underconstruction_property">
    <skipped/>
  </testcase> <!-- three_owners_townhouse_underconstruction_property -->
  <testcase classname="com.pixbit.appium.property.JointPropertyAdd" name="two_owners_one_guest_office_ready_property">
    <skipped/>
  </testcase> <!-- two_owners_one_guest_office_ready_property -->
  <testcase classname="com.pixbit.appium.property.JointPropertyAdd" name="three_owners_addtwo_skipone_apartment_ready_property">
    <skipped/>
  </testcase> <!-- three_owners_addtwo_skipone_apartment_ready_property -->
</testsuite> <!-- com.pixbit.appium.property.JointPropertyAdd -->
