<?xml version="1.0" encoding="UTF-8"?>
<!-- Generated by org.testng.reporters.JUnitReportReporter -->
<testsuite hostname="pixbit" failures="0" tests="1" name="useractions.SignUpUser" time="34.972" errors="0" timestamp="2023-08-16T12:58:00 IST" skipped="0">
  <testcase classname="useractions.SignUpUser" name="createUser" time="34.972"/>
  <system-out/>
</testsuite> <!-- useractions.SignUpUser -->
