<?xml version="1.0" encoding="UTF-8"?>
<!-- Generated by org.testng.reporters.JUnitReportReporter -->
<testsuite hostname="Vishnudass-Mac-mini.local" failures="0" tests="8" name="propertyaddedit.TestpropertyAdd" time="70.321" errors="0" timestamp="2023-09-21T11:27:15 IST" skipped="7">
  <testcase classname="propertyaddedit.TestpropertyAdd" name="addSingleProperty_1" time="70.321"/>
  <testcase classname="propertyaddedit.TestpropertyAdd" name="addJointProperty_3">
    <skipped/>
  </testcase> <!-- addJointProperty_3 -->
  <testcase classname="propertyaddedit.TestpropertyAdd" name="addJointProperty_1">
    <skipped/>
  </testcase> <!-- addJointProperty_1 -->
  <testcase classname="propertyaddedit.TestpropertyAdd" name="addJointProperty_4">
    <skipped/>
  </testcase> <!-- addJointProperty_4 -->
  <testcase classname="propertyaddedit.TestpropertyAdd" name="addJointProperty_7">
    <skipped/>
  </testcase> <!-- addJointProperty_7 -->
  <testcase classname="propertyaddedit.TestpropertyAdd" name="addJointProperty_2">
    <skipped/>
  </testcase> <!-- addJointProperty_2 -->
  <testcase classname="propertyaddedit.TestpropertyAdd" name="addJointProperty_5">
    <skipped/>
  </testcase> <!-- addJointProperty_5 -->
  <testcase classname="propertyaddedit.TestpropertyAdd" name="addJointProperty_6">
    <skipped/>
  </testcase> <!-- addJointProperty_6 -->
</testsuite> <!-- propertyaddedit.TestpropertyAdd -->
