<?xml version="1.0" encoding="UTF-8"?>
<!-- Generated by org.testng.reporters.JUnitReportReporter -->
<testsuite hostname="Vishnudass-Mac-mini.local" failures="0" tests="3" name="com.pixbit.appium.property.NewUserPropertyAdd" time="94.037" errors="0" timestamp="2024-09-18T11:26:51 IST" skipped="2">
  <testcase classname="com.pixbit.appium.property.NewUserPropertyAdd" name="singleVillaProperty" time="94.037"/>
  <testcase classname="com.pixbit.appium.property.NewUserPropertyAdd" name="single_service_apartment_ready_property">
    <skipped/>
  </testcase> <!-- single_service_apartment_ready_property -->
  <testcase classname="com.pixbit.appium.property.NewUserPropertyAdd" name="singleProperty">
    <skipped/>
  </testcase> <!-- singleProperty -->
</testsuite> <!-- com.pixbit.appium.property.NewUserPropertyAdd -->
