<?xml version="1.0" encoding="UTF-8"?>
<!-- Generated by org.testng.reporters.JUnitReportReporter -->
<testsuite hostname="Vishnudass-Mac-mini.local" failures="0" tests="2" name="com.pixbit.appium.usercreation.SignUpUser" time="61.676" errors="0" timestamp="2024-09-20T16:19:58 IST" skipped="1">
  <testcase classname="com.pixbit.appium.usercreation.SignUpUser" name="createUser" time="61.676"/>
  <testcase classname="com.pixbit.appium.usercreation.SignUpUser" name="checkPreferredLanguageValidation">
    <skipped/>
  </testcase> <!-- checkPreferredLanguageValidation -->
</testsuite> <!-- com.pixbit.appium.usercreation.SignUpUser -->
