<?xml version="1.0" encoding="UTF-8"?>
<!-- Generated by org.testng.reporters.JUnitReportReporter -->
<testsuite hostname="pixbit" failures="0" tests="1" name="propertypublish.PropertyPublishing" time="20.184" errors="0" timestamp="2023-08-17T11:59:31 IST" skipped="0">
  <testcase classname="propertypublish.PropertyPublishing" name="publishForSale" time="20.184"/>
  <system-out/>
</testsuite> <!-- propertypublish.PropertyPublishing -->
