<?xml version="1.0" encoding="UTF-8"?>
<!-- Generated by org.testng.reporters.JUnitReportReporter -->
<testsuite hostname="Vishnudass-Mac-mini.local" failures="0" tests="1" name="useractions.SignUpUser" time="32.808" errors="0" timestamp="2024-02-23T12:01:40 IST" skipped="0">
  <testcase classname="useractions.SignUpUser" name="createUser" time="32.808"/>
</testsuite> <!-- useractions.SignUpUser -->
