<?xml version="1.0" encoding="UTF-8"?>
<!-- Generated by org.testng.reporters.JUnitReportReporter -->
<testsuite hostname="Vishnudass-Mac-mini.local" failures="0" tests="2" name="property_publish_test_cases.PropertyPublishing" time="62.398" errors="0" timestamp="2024-02-26T12:18:12 IST" skipped="0">
  <testcase classname="property_publish_test_cases.PropertyPublishing" name="publishPropertySaleWithoutAddDetails" time="38.782"/>
  <testcase classname="property_publish_test_cases.PropertyPublishing" name="publishPropertySaleWithoutAddDetails" time="23.616"/>
</testsuite> <!-- property_publish_test_cases.PropertyPublishing -->
