<?xml version="1.0" encoding="UTF-8"?>
<!-- Generated by org.testng.reporters.JUnitReportReporter -->
<testsuite hostname="Vishnudass-Mac-mini.local" failures="0" tests="3" name="com.pixbit.appium.property.SinglePropertyAdd" time="99.487" errors="0" timestamp="2024-09-26T13:15:54 IST" skipped="2">
  <testcase classname="com.pixbit.appium.property.SinglePropertyAdd" name="underConstructionPaymentPlanMortgagedProperty" time="99.487"/>
  <testcase classname="com.pixbit.appium.property.SinglePropertyAdd" name="readyVacantNotMortgagedProperty">
    <skipped/>
  </testcase> <!-- readyVacantNotMortgagedProperty -->
  <testcase classname="com.pixbit.appium.property.SinglePropertyAdd" name="underConstructionPaymentPlanNotMortgaged">
    <skipped/>
  </testcase> <!-- underConstructionPaymentPlanNotMortgaged -->
</testsuite> <!-- com.pixbit.appium.property.SinglePropertyAdd -->
