<?xml version="1.0" encoding="UTF-8"?>
<!-- Generated by org.testng.reporters.JUnitReportReporter -->
<testsuite hostname="Vishnudass-Mac-mini.local" failures="0" tests="1" name="com.pixbit.appium.globalfiles.AndroidGlobalData" time="10.972" errors="0" timestamp="2024-03-28T17:03:30 IST" skipped="0">
  <testcase classname="com.pixbit.appium.globalfiles.AndroidGlobalData" name="configuration" time="10.972"/>
</testsuite> <!-- com.pixbit.appium.globalfiles.AndroidGlobalData -->
