<?xml version="1.0" encoding="UTF-8"?>
<!-- Generated by org.testng.reporters.JUnitReportReporter -->
<testsuite hostname="Vishnudass-Mac-mini.local" failures="0" tests="2" name="com.pixbit.appium.usercreation.SignUpUser" time="76.094" errors="0" timestamp="2024-09-13T16:09:38 IST" skipped="1">
  <testcase classname="com.pixbit.appium.usercreation.SignUpUser" name="createUser" time="76.094"/>
  <testcase classname="com.pixbit.appium.usercreation.SignUpUser" name="checkPreferredLanguageValidation">
    <skipped/>
  </testcase> <!-- checkPreferredLanguageValidation -->
</testsuite> <!-- com.pixbit.appium.usercreation.SignUpUser -->
