<?xml version="1.0" encoding="UTF-8"?>
<!-- Generated by org.testng.reporters.JUnitReportReporter -->
<testsuite hostname="Vishnudass-Mac-mini.local" failures="0" tests="1" name="com.pixbit.appium.test.property.add.PaymentPlanInProperty" time="168.705" errors="0" timestamp="2024-05-02T10:10:20 IST" skipped="0">
  <testcase classname="com.pixbit.appium.test.property.add.PaymentPlanInProperty" name="single_property_one_payment_shedule" time="168.705"/>
</testsuite> <!-- com.pixbit.appium.test.property.add.PaymentPlanInProperty -->
