<?xml version="1.0" encoding="UTF-8"?>
<!-- Generated by org.testng.reporters.JUnitReportReporter -->
<testsuite hostname="Vishnudass-Mac-mini.local" failures="0" tests="1" name="com.pixbit.appium.property.TestDeedCreation" time="1.253" errors="0" timestamp="2024-10-04T18:40:09 IST" skipped="0">
  <testcase classname="com.pixbit.appium.property.TestDeedCreation" name="documentCreation" time="1.253"/>
</testsuite> <!-- com.pixbit.appium.property.TestDeedCreation -->
