<?xml version="1.0" encoding="UTF-8"?>
<!-- Generated by org.testng.reporters.JUnitReportReporter -->
<testsuite hostname="Vishnudass-Mac-mini.local" failures="0" tests="3" name="com.pixbit.appium.usercreation.SignUpUser" time="52.257" errors="0" timestamp="2024-10-08T11:27:36 IST" skipped="1">
  <testcase classname="com.pixbit.appium.usercreation.SignUpUser" name="createUser" time="46.781"/>
  <testcase classname="com.pixbit.appium.usercreation.SignUpUser" name="verifyRmDetails" time="5.476"/>
  <testcase classname="com.pixbit.appium.usercreation.SignUpUser" name="checkPreferredLanguageValidation">
    <skipped/>
  </testcase> <!-- checkPreferredLanguageValidation -->
</testsuite> <!-- com.pixbit.appium.usercreation.SignUpUser -->
