<?xml version="1.0" encoding="UTF-8"?>
<!-- Generated by org.testng.reporters.JUnitReportReporter -->
<testsuite hostname="Vishnudass-Mac-mini.local" failures="0" tests="4" name="com.pixbit.appium.test.property.add.SinglePropertyAdd" time="101.301" errors="0" timestamp="2024-08-28T18:01:56 IST" skipped="3">
  <testcase classname="com.pixbit.appium.test.property.add.SinglePropertyAdd" name="property_townhouse_underconstruction" time="101.301"/>
  <testcase classname="com.pixbit.appium.test.property.add.SinglePropertyAdd" name="property_underconstruction_paymentplan">
    <skipped/>
  </testcase> <!-- property_underconstruction_paymentplan -->
  <testcase classname="com.pixbit.appium.test.property.add.SinglePropertyAdd" name="property_villa_ready">
    <skipped/>
  </testcase> <!-- property_villa_ready -->
  <testcase classname="com.pixbit.appium.test.property.add.SinglePropertyAdd" name="property_office_underconstruction">
    <skipped/>
  </testcase> <!-- property_office_underconstruction -->
</testsuite> <!-- com.pixbit.appium.test.property.add.SinglePropertyAdd -->
