<?xml version="1.0" encoding="UTF-8"?>
<!-- Generated by org.testng.reporters.JUnitReportReporter -->
<testsuite hostname="Vishnudass-Mac-mini.local" failures="0" tests="2" name="com.pixbit.appium.test.usercreation.actions.SignUpUser" time="40.990" errors="0" timestamp="2024-05-08T10:54:35 IST" skipped="1">
  <testcase classname="com.pixbit.appium.test.usercreation.actions.SignUpUser" name="createUser" time="40.990"/>
  <testcase classname="com.pixbit.appium.test.usercreation.actions.SignUpUser" name="check_preferred_language_validation">
    <skipped/>
  </testcase> <!-- check_preferred_language_validation -->
</testsuite> <!-- com.pixbit.appium.test.usercreation.actions.SignUpUser -->
