<?xml version="1.0" encoding="UTF-8"?>
<!-- Generated by org.testng.reporters.JUnitReportReporter -->
<testsuite hostname="Vishnudass-Mac-mini.local" failures="0" tests="1" name="com.pixbit.appium.test.property.add.SinglePropertyAddWithInititalContract" time="57.505" errors="0" timestamp="2024-03-28T17:38:18 IST" skipped="0">
  <testcase classname="com.pixbit.appium.test.property.add.SinglePropertyAddWithInititalContract" name="property_initialcontract_villa_ready" time="57.505"/>
</testsuite> <!-- com.pixbit.appium.test.property.add.SinglePropertyAddWithInititalContract -->
