<?xml version="1.0" encoding="UTF-8"?>
<!-- Generated by org.testng.reporters.JUnitReportReporter -->
<testsuite hostname="Vishnudass-Mac-mini.local" failures="0" tests="2" name="com.pixbit.appium.test.usercreation.actions.SignUpUser" time="61.980" errors="0" timestamp="2024-09-07T10:07:38 IST" skipped="1">
  <testcase classname="com.pixbit.appium.test.usercreation.actions.SignUpUser" name="createUser" time="61.980"/>
  <testcase classname="com.pixbit.appium.test.usercreation.actions.SignUpUser" name="checkPreferredLanguageValidation">
    <skipped/>
  </testcase> <!-- checkPreferredLanguageValidation -->
</testsuite> <!-- com.pixbit.appium.test.usercreation.actions.SignUpUser -->
