<?xml version="1.0" encoding="UTF-8"?>
<!-- Generated by org.testng.reporters.JUnitReportReporter -->
<testsuite hostname="Vishnudass-Mac-mini.local" failures="0" tests="2" name="com.pixbit.appium.usercreation.SignUpUser" time="66.201" errors="0" timestamp="2024-10-05T17:12:24 IST" skipped="1">
  <testcase classname="com.pixbit.appium.usercreation.SignUpUser" name="createUser" time="66.201"/>
  <testcase classname="com.pixbit.appium.usercreation.SignUpUser" name="checkPreferredLanguageValidation">
    <skipped/>
  </testcase> <!-- checkPreferredLanguageValidation -->
</testsuite> <!-- com.pixbit.appium.usercreation.SignUpUser -->
