<?xml version="1.0" encoding="UTF-8"?>
<!-- Generated by org.testng.reporters.JUnitReportReporter -->
<testsuite hostname="Vishnudass-Mac-mini.local" failures="0" tests="1" name="com.pixbit.appium.test.rentalcontract.add.OwnerRentalAddInList" time="52.974" errors="0" timestamp="2024-09-07T20:50:43 IST" skipped="0">
  <testcase classname="com.pixbit.appium.test.rentalcontract.add.OwnerRentalAddInList" name="add_rental_as_owner_from_property_list" time="52.974"/>
</testsuite> <!-- com.pixbit.appium.test.rentalcontract.add.OwnerRentalAddInList -->
