<?xml version="1.0" encoding="UTF-8"?>
<!-- Generated by org.testng.reporters.JUnitReportReporter -->
<testsuite hostname="Vishnudass-Mac-mini.local" failures="0" tests="2" name="com.pixbit.appium.rental.OwnerRentalAddInList" time="90.105" errors="0" timestamp="2024-10-11T14:46:21 IST" skipped="1">
  <testcase classname="com.pixbit.appium.rental.OwnerRentalAddInList" name="addRentalWithChequeDetails" time="90.105"/>
  <testcase classname="com.pixbit.appium.rental.OwnerRentalAddInList" name="addRentalWithOutChequeDetails">
    <skipped/>
  </testcase> <!-- addRentalWithOutChequeDetails -->
</testsuite> <!-- com.pixbit.appium.rental.OwnerRentalAddInList -->
