<?xml version="1.0" encoding="UTF-8"?>
<!-- Generated by org.testng.reporters.JUnitReportReporter -->
<testsuite hostname="Vishnudass-Mac-mini.local" failures="0" tests="3" name="com.pixbit.appium.property.SinglePropertyAdd" time="169.616" errors="0" timestamp="2024-10-11T10:58:03 IST" skipped="2">
  <testcase classname="com.pixbit.appium.property.SinglePropertyAdd" name="singlePropertyProcess" time="169.616"/>
  <testcase classname="com.pixbit.appium.property.SinglePropertyAdd" name="underConstructionPaymentPlanMortgagedProperty">
    <skipped/>
  </testcase> <!-- underConstructionPaymentPlanMortgagedProperty -->
  <testcase classname="com.pixbit.appium.property.SinglePropertyAdd" name="underConstructionPaymentPlanNotMortgaged">
    <skipped/>
  </testcase> <!-- underConstructionPaymentPlanNotMortgaged -->
</testsuite> <!-- com.pixbit.appium.property.SinglePropertyAdd -->
