<?xml version="1.0" encoding="UTF-8"?>
<!-- Generated by org.testng.reporters.JUnitReportReporter -->
<testsuite hostname="pixbit" failures="0" tests="8" name="propertyaddedit.TestPropertyAdd" time="0.077" errors="1" timestamp="2023-09-08T16:56:20 IST" skipped="7">
  <testcase classname="propertyaddedit.TestPropertyAdd" name="configuration" time="0.077">
    <error type="java.lang.NullPointerException">
      <![CDATA[java.lang.NullPointerException
at java.base/java.io.FileOutputStream.<init>(FileOutputStream.java:226)
at java.base/java.io.FileOutputStream.<init>(FileOutputStream.java:184)
at org.openqa.selenium.remote.service.DriverService$Builder.getLogOutput(DriverService.java:448)
at org.openqa.selenium.remote.service.DriverService$Builder.build(DriverService.java:495)
at globalfiles.GlobalData.configuration(GlobalData.java:40)
at java.base/jdk.internal.reflect.NativeMethodAccessorImpl.invoke0(Native Method)
at java.base/jdk.internal.reflect.NativeMethodAccessorImpl.invoke(NativeMethodAccessorImpl.java:77)
at java.base/jdk.internal.reflect.DelegatingMethodAccessorImpl.invoke(DelegatingMethodAccessorImpl.java:43)
at java.base/java.lang.reflect.Method.invoke(Method.java:568)
at org.testng.internal.invokers.MethodInvocationHelper.invokeMethod(MethodInvocationHelper.java:139)
at org.testng.internal.invokers.MethodInvocationHelper.invokeMethodConsideringTimeout(MethodInvocationHelper.java:69)
at org.testng.internal.invokers.ConfigInvoker.invokeConfigurationMethod(ConfigInvoker.java:390)
at org.testng.internal.invokers.ConfigInvoker.invokeConfigurations(ConfigInvoker.java:325)
at org.testng.internal.invokers.TestMethodWorker.invokeBeforeClassMethods(TestMethodWorker.java:180)
at org.testng.internal.invokers.TestMethodWorker.run(TestMethodWorker.java:122)
at java.base/java.util.ArrayList.forEach(ArrayList.java:1511)
at org.testng.TestRunner.privateRun(TestRunner.java:848)
at org.testng.TestRunner.run(TestRunner.java:621)
at org.testng.SuiteRunner.runTest(SuiteRunner.java:443)
at org.testng.SuiteRunner.runSequentially(SuiteRunner.java:437)
at org.testng.SuiteRunner.privateRun(SuiteRunner.java:397)
at org.testng.SuiteRunner.run(SuiteRunner.java:336)
at org.testng.SuiteRunnerWorker.runSuite(SuiteRunnerWorker.java:52)
at org.testng.SuiteRunnerWorker.run(SuiteRunnerWorker.java:95)
at org.testng.TestNG.runSuitesSequentially(TestNG.java:1280)
at org.testng.TestNG.runSuitesLocally(TestNG.java:1200)
at org.testng.TestNG.runSuites(TestNG.java:1114)
at org.testng.TestNG.run(TestNG.java:1082)
at org.testng.remote.AbstractRemoteTestNG.run(AbstractRemoteTestNG.java:115)
at org.testng.remote.RemoteTestNG.initAndRun(RemoteTestNG.java:251)
at org.testng.remote.RemoteTestNG.main(RemoteTestNG.java:77)
]]>
    </error>
  </testcase> <!-- configuration -->
  <testcase classname="propertyaddedit.TestPropertyAdd" name="addSingleProperty_1" time="0.000">
    <skipped/>
  </testcase> <!-- addSingleProperty_1 -->
  <testcase classname="propertyaddedit.TestPropertyAdd" name="addJointProperty_5">
    <skipped/>
  </testcase> <!-- addJointProperty_5 -->
  <testcase classname="propertyaddedit.TestPropertyAdd" name="addJointProperty_6">
    <skipped/>
  </testcase> <!-- addJointProperty_6 -->
  <testcase classname="propertyaddedit.TestPropertyAdd" name="addJointProperty_1">
    <skipped/>
  </testcase> <!-- addJointProperty_1 -->
  <testcase classname="propertyaddedit.TestPropertyAdd" name="addJointProperty_2">
    <skipped/>
  </testcase> <!-- addJointProperty_2 -->
  <testcase classname="propertyaddedit.TestPropertyAdd" name="addJointProperty_3">
    <skipped/>
  </testcase> <!-- addJointProperty_3 -->
  <testcase classname="propertyaddedit.TestPropertyAdd" name="addJointProperty_4">
    <skipped/>
  </testcase> <!-- addJointProperty_4 -->
</testsuite> <!-- propertyaddedit.TestPropertyAdd -->
