<?xml version="1.0" encoding="UTF-8"?>
<!-- Generated by org.testng.reporters.JUnitReportReporter -->
<testsuite hostname="Vishnudass-Mac-mini.local" failures="0" tests="4" name="com.pixbit.appium.test.property.add.JointPropertyAdd" time="94.037" errors="0" timestamp="2024-09-07T20:36:28 IST" skipped="3">
  <testcase classname="com.pixbit.appium.test.property.add.JointPropertyAdd" name="twoOwnersSkipReadyRentedNotMortgaged" time="94.037"/>
  <testcase classname="com.pixbit.appium.test.property.add.JointPropertyAdd" name="three_owners_addtwo_skipone_apartment_ready_property">
    <skipped/>
  </testcase> <!-- three_owners_addtwo_skipone_apartment_ready_property -->
  <testcase classname="com.pixbit.appium.test.property.add.JointPropertyAdd" name="three_owners_townhouse_underconstruction_property">
    <skipped/>
  </testcase> <!-- three_owners_townhouse_underconstruction_property -->
  <testcase classname="com.pixbit.appium.test.property.add.JointPropertyAdd" name="two_owners_one_guest_office_ready_property">
    <skipped/>
  </testcase> <!-- two_owners_one_guest_office_ready_property -->
</testsuite> <!-- com.pixbit.appium.test.property.add.JointPropertyAdd -->
