<?xml version="1.0" encoding="UTF-8"?>
<!-- Generated by org.testng.reporters.JUnitReportReporter -->
<testsuite hostname="Vishnudass-Mac-mini.local" failures="0" tests="1" name="rental.OwnerRentalAddInList" time="102.312" errors="0" timestamp="2023-09-21T18:02:55 IST" skipped="0">
  <testcase classname="rental.OwnerRentalAddInList" name="AddRentalAsOwner" time="102.312"/>
</testsuite> <!-- rental.OwnerRentalAddInList -->
